
SQL*Loader: Release 11.2.0.1.0 - Production on Vie Nov 29 14:13:31 2013

Copyright (c) 1982, 2009, Oracle and/or its affiliates.  All rights reserved.

Archivo de Control:   control_pedidos.txt
Archivo de Datos:      pedidos.txt
  Archivo de Errores:     pedidos.bad
  Desechar Archivo:  ninguno especificado
 
 (Permitir todos los registros desechados)

Número a cargar: ALL
Número a ignorar: 0
Errores permitidos: 50
Matriz de enlace:     64 filas, máximo de 256000 bytes
Continuación:    ninguno especificado
Ruta de acceso utilizada:      Convencional

Tabla PEDIDOS, cargada de cada registro lógico.
Opción INSERT activa para esta tabla: APPEND
Opción TRAILING NULLCOLS activada

   Nombre Columna               Posición   Long  Term Entorno Tipo de Dato
------------------------------ ---------- ----- ---- ---- ---------------------
CODIGO                              FIRST     *   ;       CHARACTER            
    Cadena SQL para la columna: "Seq_CodPedidos.nextval"
ESTADO                               NEXT     *   ;       CHARACTER            
FECHA_HORA_PEDIDO                    NEXT     *   ;       DATE DD-MM-YY:HH24:MI
FECHA_HORA_ENTREGA                   NEXT     *   ;       DATE DD-MM-YY:HH24:MI
"importe total"                      NEXT     *   ;       CHARACTER            
CLIENTE                              NEXT     *   ;       CHARACTER            


Tabla PEDIDOS:
  9 Filas se ha cargado correctamente.
  0 Filas no cargada debido a errores de datos.
  0 Filas no cargada porque todas las cláusulas WHEN han fallado.
  0 Filas no cargada porque todos los campos eran nulos.


Espacio asignado a matriz de enlace:            99072 bytes (64 filas)
Bytes de buffer de lectura: 1048576

Total de registros lógicos ignorados:          0
Total de registros lógicos leídos:           9
Total de registros lógicos rechazados:         0
Total de registros lógicos desechados:        0

La ejecución empezó en Vie Nov 29 14:13:31 2013
La ejecución terminó en Vie Nov 29 14:13:31 2013

Tiempo transcurrido:     00:00:00.17
Tiempo de CPU:         00:00:00.00
