
SQL*Loader: Release 11.2.0.1.0 - Production on Vie Nov 29 13:52:12 2013

Copyright (c) 1982, 2009, Oracle and/or its affiliates.  All rights reserved.

Archivo de Control:   control_horarios.txt
Archivo de Datos:      horarios.txt
  Archivo de Errores:     horarios.bad
  Desechar Archivo:  ninguno especificado
 
 (Permitir todos los registros desechados)

Número a cargar: ALL
Número a ignorar: 0
Errores permitidos: 50
Matriz de enlace:     64 filas, máximo de 256000 bytes
Continuación:    ninguno especificado
Ruta de acceso utilizada:      Convencional

Tabla HORARIOS, cargada de cada registro lógico.
Opción INSERT activa para esta tabla: APPEND
Opción TRAILING NULLCOLS activada

   Nombre Columna               Posición   Long  Term Entorno Tipo de Dato
------------------------------ ---------- ----- ---- ---- ---------------------
RESTAURANTE                         FIRST     *   ;       CHARACTER            
"dia semana"                         NEXT     *   ;       CHARACTER            
HORA_APERTURA                        NEXT     *   ;       DATE HH24:MI         
HORA_CIERRE                          NEXT     *   ;       DATE HH24:MI         


Tabla HORARIOS:
  16 Filas se ha cargado correctamente.
  0 Filas no cargada debido a errores de datos.
  0 Filas no cargada porque todas las cláusulas WHEN han fallado.
  0 Filas no cargada porque todos los campos eran nulos.


Espacio asignado a matriz de enlace:            66048 bytes (64 filas)
Bytes de buffer de lectura: 1048576

Total de registros lógicos ignorados:          0
Total de registros lógicos leídos:          16
Total de registros lógicos rechazados:         0
Total de registros lógicos desechados:        0

La ejecución empezó en Vie Nov 29 13:52:12 2013
La ejecución terminó en Vie Nov 29 13:52:12 2013

Tiempo transcurrido:     00:00:00.12
Tiempo de CPU:         00:00:00.01
