
SQL*Loader: Release 11.2.0.1.0 - Production on Mar Nov 26 16:36:50 2013

Copyright (c) 1982, 2009, Oracle and/or its affiliates.  All rights reserved.

Archivo de Control:   control_clientes.txt
Archivo de Datos:      clientes.txt
  Archivo de Errores:     clientes.bad
  Desechar Archivo:  ninguno especificado
 
 (Permitir todos los registros desechados)

Número a cargar: ALL
Número a ignorar: 0
Errores permitidos: 50
Matriz de enlace:     64 filas, máximo de 256000 bytes
Continuación:    ninguno especificado
Ruta de acceso utilizada:      Convencional

Tabla CLIENTES, cargada de cada registro lógico.
Opción INSERT activa para esta tabla: APPEND
Opción TRAILING NULLCOLS activada

   Nombre Columna               Posición   Long  Term Entorno Tipo de Dato
------------------------------ ---------- ----- ---- ---- ---------------------
DNI                                 FIRST     *   ;       CHARACTER            
NOMBRE                               NEXT     *   ;       CHARACTER            
APELLIDO                             NEXT     *   ;       CHARACTER            
CALLE                                NEXT     *   ;       CHARACTER            
NUMERO                               NEXT     *   ;       CHARACTER            
PISO                                 NEXT     *   ;       CHARACTER            
LOCALIDAD                            NEXT     *   ;       CHARACTER            
"codigo postal"                      NEXT     *   ;       CHARACTER            
TELEFONO                             NEXT     *   ;       CHARACTER            
USUARIO                              NEXT     *   ;       CHARACTER            
CONTRASEÑA                           NEXT     *   ;       CHARACTER            

Registro 1: Rechazado - Error en tabla CLIENTES.
ORA-00001: restricción única (BDD15.SYS_C0013091) violada

Registro 2: Rechazado - Error en tabla CLIENTES.
ORA-00001: restricción única (BDD15.SYS_C0013091) violada

Registro 3: Rechazado - Error en tabla CLIENTES.
ORA-00001: restricción única (BDD15.SYS_C0013091) violada

Registro 4: Rechazado - Error en tabla CLIENTES.
ORA-00001: restricción única (BDD15.SYS_C0013091) violada


Tabla CLIENTES:
  0 Filas se ha cargado correctamente.
  4 Filas no cargada debido a errores de datos.
  0 Filas no cargada porque todas las cláusulas WHEN han fallado.
  0 Filas no cargada porque todos los campos eran nulos.


Espacio asignado a matriz de enlace:           181632 bytes (64 filas)
Bytes de buffer de lectura: 1048576

Total de registros lógicos ignorados:          0
Total de registros lógicos leídos:           4
Total de registros lógicos rechazados:         4
Total de registros lógicos desechados:        0

La ejecución empezó en Mar Nov 26 16:36:50 2013
La ejecución terminó en Mar Nov 26 16:36:52 2013

Tiempo transcurrido:     00:00:02.07
Tiempo de CPU:         00:00:00.03
