
SQL*Loader: Release 11.2.0.1.0 - Production on Vie Nov 22 17:42:09 2013

Copyright (c) 1982, 2009, Oracle and/or its affiliates.  All rights reserved.

Archivo de Control:   control_descuentos.txt
Archivo de Datos:      descuentos.txt
  Archivo de Errores:     descuentos.bad
  Desechar Archivo:  ninguno especificado
 
 (Permitir todos los registros desechados)

Número a cargar: ALL
Número a ignorar: 0
Errores permitidos: 50
Matriz de enlace:     64 filas, máximo de 256000 bytes
Continuación:    ninguno especificado
Ruta de acceso utilizada:      Convencional

Tabla DESCUENTOS, cargada de cada registro lógico.
Opción INSERT activa para esta tabla: APPEND

   Nombre Columna               Posición   Long  Term Entorno Tipo de Dato
------------------------------ ---------- ----- ---- ---- ---------------------
CODIGO                              FIRST     *   ;       CHARACTER            
FECHA_CADUCIDAD                      NEXT     *   ;       DATE DD-MM-YY        
"porcentaje descuento"               NEXT     *   ;       CHARACTER            

Registro 5: Rechazado - Error en tabla DESCUENTOS.
ORA-02290: restricción de control (BDD15.SYS_C0013095) violada


Tabla DESCUENTOS:
  4 Filas se ha cargado correctamente.
  1 Fila no cargada debido a errores de datos.
  0 Filas no cargada porque todas las cláusulas WHEN han fallado.
  0 Filas no cargada porque todos los campos eran nulos.


Espacio asignado a matriz de enlace:            49536 bytes (64 filas)
Bytes de buffer de lectura: 1048576

Total de registros lógicos ignorados:          0
Total de registros lógicos leídos:           5
Total de registros lógicos rechazados:         1
Total de registros lógicos desechados:        0

La ejecución empezó en Vie Nov 22 17:42:09 2013
La ejecución terminó en Vie Nov 22 17:42:09 2013

Tiempo transcurrido:     00:00:00.10
Tiempo de CPU:         00:00:00.01
